1648429041961	geckodriver	INFO	Listening on 127.0.0.1:42049
1648429042467	mozrunner::runner	INFO	Running command: "/usr/bin/firefox" "--marionette" "--remote-debugging-port" "38349" "-no-remote" "-profile" "/tmp/rust_mozprofile6LdRfj"
ATTENTION: default value of option mesa_glthread overridden by environment.
ATTENTION: default value of option mesa_glthread overridden by environment.
ATTENTION: default value of option mesa_glthread overridden by environment.
ATTENTION: default value of option mesa_glthread overridden by environment.
1648429043194	Marionette	INFO	Marionette enabled
console.warn: SearchSettings: "get: No settings file exists, new profile?" (new NotFoundError("Could not open the file at /tmp/rust_mozprofile6LdRfj/search.json.mozlz4", (void 0)))
DevTools listening on ws://localhost:38349/devtools/browser/310966a3-5368-435e-adcb-998a13774f8a
1648429044463	Marionette	INFO	Listening on port 37857
1648429044499	RemoteAgent	WARN	TLS certificate errors will be ignored for this session
console.warn: LoginRecipes: "getRecipes: falling back to a synchronous message for:" "https://sig.unb.br"
1648429059297	Marionette	INFO	Stopped listening on port 37857
1648429378856	geckodriver	INFO	Listening on 127.0.0.1:36821
1648429379362	mozrunner::runner	INFO	Running command: "/usr/bin/firefox" "--marionette" "--remote-debugging-port" "35323" "-no-remote" "-profile" "/tmp/rust_mozprofileRjreLz"
ATTENTION: default value of option mesa_glthread overridden by environment.
ATTENTION: default value of option mesa_glthread overridden by environment.
ATTENTION: default value of option mesa_glthread overridden by environment.
ATTENTION: default value of option mesa_glthread overridden by environment.
1648429380017	Marionette	INFO	Marionette enabled
console.warn: SearchSettings: "get: No settings file exists, new profile?" (new NotFoundError("Could not open the file at /tmp/rust_mozprofileRjreLz/search.json.mozlz4", (void 0)))
DevTools listening on ws://localhost:35323/devtools/browser/26a73297-b1a3-4e14-b68d-3087e4d28584
1648429381204	Marionette	INFO	Listening on port 34243
1648429381295	RemoteAgent	WARN	TLS certificate errors will be ignored for this session
console.warn: LoginRecipes: "getRecipes: falling back to a synchronous message for:" "https://sig.unb.br"
1648429511758	geckodriver	INFO	Listening on 127.0.0.1:35863
1648429512262	mozrunner::runner	INFO	Running command: "/usr/bin/firefox" "--marionette" "--remote-debugging-port" "58971" "-no-remote" "-profile" "/tmp/rust_mozprofilepUGZki"
ATTENTION: default value of option mesa_glthread overridden by environment.
ATTENTION: default value of option mesa_glthread overridden by environment.
ATTENTION: default value of option mesa_glthread overridden by environment.
ATTENTION: default value of option mesa_glthread overridden by environment.
1648429512921	Marionette	INFO	Marionette enabled
console.warn: SearchSettings: "get: No settings file exists, new profile?" (new NotFoundError("Could not open the file at /tmp/rust_mozprofilepUGZki/search.json.mozlz4", (void 0)))
DevTools listening on ws://localhost:58971/devtools/browser/6ed3f9cf-ee23-4eda-8292-3f0e76247765
1648429514249	Marionette	INFO	Listening on port 44275
1648429514291	RemoteAgent	WARN	TLS certificate errors will be ignored for this session
console.warn: LoginRecipes: "getRecipes: falling back to a synchronous message for:" "https://sig.unb.br"
1648429603129	geckodriver	INFO	Listening on 127.0.0.1:40287
1648429603634	mozrunner::runner	INFO	Running command: "/usr/bin/firefox" "--marionette" "--remote-debugging-port" "53575" "-no-remote" "-profile" "/tmp/rust_mozprofile9ZBZ1g"
ATTENTION: default value of option mesa_glthread overridden by environment.
ATTENTION: default value of option mesa_glthread overridden by environment.
ATTENTION: default value of option mesa_glthread overridden by environment.
ATTENTION: default value of option mesa_glthread overridden by environment.
1648429604308	Marionette	INFO	Marionette enabled
console.warn: SearchSettings: "get: No settings file exists, new profile?" (new NotFoundError("Could not open the file at /tmp/rust_mozprofile9ZBZ1g/search.json.mozlz4", (void 0)))
DevTools listening on ws://localhost:53575/devtools/browser/7aad0702-fa45-4d7a-bd54-bb26d72e3d02
1648429605596	Marionette	INFO	Listening on port 44863
1648429605654	RemoteAgent	WARN	TLS certificate errors will be ignored for this session
console.warn: LoginRecipes: "getRecipes: falling back to a synchronous message for:" "https://sig.unb.br"
1648429615788	Marionette	INFO	Stopped listening on port 44863

###!!! [Parent][PImageBridgeParent] Error: RunMessage(msgname=PImageBridge::Msg_WillClose) Channel closing: too late to send/recv, messages will be lost

1648429918790	geckodriver	INFO	Listening on 127.0.0.1:60321
1648429919297	mozrunner::runner	INFO	Running command: "/usr/bin/firefox" "--marionette" "--remote-debugging-port" "46309" "-no-remote" "-profile" "/tmp/rust_mozprofilemtCSqj"
ATTENTION: default value of option mesa_glthread overridden by environment.
ATTENTION: default value of option mesa_glthread overridden by environment.
ATTENTION: default value of option mesa_glthread overridden by environment.
ATTENTION: default value of option mesa_glthread overridden by environment.
1648429919963	Marionette	INFO	Marionette enabled
console.warn: SearchSettings: "get: No settings file exists, new profile?" (new NotFoundError("Could not open the file at /tmp/rust_mozprofilemtCSqj/search.json.mozlz4", (void 0)))
DevTools listening on ws://localhost:46309/devtools/browser/a91978c5-a70c-40cf-8d17-cac5173dfa00
1648429921303	Marionette	INFO	Listening on port 44961
1648429921419	RemoteAgent	WARN	TLS certificate errors will be ignored for this session
console.warn: LoginRecipes: "getRecipes: falling back to a synchronous message for:" "https://sig.unb.br"
1648429930304	Marionette	INFO	Stopped listening on port 44961

###!!! [Parent][PImageBridgeParent] Error: RunMessage(msgname=PImageBridge::Msg_WillClose) Channel closing: too late to send/recv, messages will be lost

1648430062546	geckodriver	INFO	Listening on 127.0.0.1:38759
1648430062550	mozrunner::runner	INFO	Running command: "/usr/bin/firefox" "--marionette" "--remote-debugging-port" "38805" "-no-remote" "-profile" "/tmp/rust_mozprofile1DY5Fd"
ATTENTION: default value of option mesa_glthread overridden by environment.
ATTENTION: default value of option mesa_glthread overridden by environment.
ATTENTION: default value of option mesa_glthread overridden by environment.
ATTENTION: default value of option mesa_glthread overridden by environment.
1648430063193	Marionette	INFO	Marionette enabled
console.warn: SearchSettings: "get: No settings file exists, new profile?" (new NotFoundError("Could not open the file at /tmp/rust_mozprofile1DY5Fd/search.json.mozlz4", (void 0)))
DevTools listening on ws://localhost:38805/devtools/browser/eb460809-d1ec-4ff7-89e4-377ffee1d3c6
1648430064445	Marionette	INFO	Listening on port 46471
1648430064477	RemoteAgent	WARN	TLS certificate errors will be ignored for this session
console.warn: LoginRecipes: "getRecipes: falling back to a synchronous message for:" "https://sig.unb.br"
1648430072035	Marionette	INFO	Stopped listening on port 46471

###!!! [Parent][PImageBridgeParent] Error: RunMessage(msgname=PImageBridge::Msg_WillClose) Channel closing: too late to send/recv, messages will be lost

